;;; 
Import: Release 18.0.0.0.0 - Production on Thu Dec 12 07:54:03 2019
Version 18.3.0.0.0

Copyright (c) 1982, 2018, Oracle and/or its affiliates.  All rights reserved.
;;; 
Connected to: Oracle Database 18c Enterprise Edition Release 18.0.0.0.0 - Production
Master table "PRUEBAS2"."SYS_IMPORT_SCHEMA_01" successfully loaded/unloaded
Starting "PRUEBAS2"."SYS_IMPORT_SCHEMA_01":  pruebas2/******** schemas=sergioportatil remap_schema=sergioportatil:pruebas2 remap_tablespace=expdpsergio:USERS directory=EXPORTACIONES dumpfile=sergioportatil.dmp logfile=sergioportatil.log 
Processing object type SCHEMA_EXPORT/USER
ORA-31685: Object type USER:"PRUEBAS2" failed due to insufficient privileges. Failing sql is:
 CREATE USER "PRUEBAS2" IDENTIFIED BY VALUES 'S:59F681554B64D78D85E849A330ED1B50F1D8040655E75A7719096F645F4A;T:8B9DDE5990600DA3B3245700E1B909443AA793B835D8E9946FE04B10698B6C96641EF13F5552ED394A59A46D9CCA11E75C699F10154DA41563AB9FB353E041385C3DF3E77426D64303AE9F9027F7938C' DEFAULT TABLESPACE "USERS" TEMPORARY TABLESPACE "TEMP"
Processing object type SCHEMA_EXPORT/SYSTEM_GRANT
ORA-31685: Object type SYSTEM_GRANT:"PRUEBAS2"."CREATE ANY DIRECTORY" failed due to insufficient privileges. Failing sql is:
GRANT CREATE ANY DIRECTORY TO "PRUEBAS2"
Processing object type SCHEMA_EXPORT/ROLE_GRANT
ORA-39083: Object type ROLE_GRANT failed to create with error:
ORA-01932: ADMIN option not granted for role 'CONNECT'

Failing sql is:
 GRANT "CONNECT" TO "PRUEBAS2"
ORA-39083: Object type ROLE_GRANT failed to create with error:
ORA-01932: ADMIN option not granted for role 'RESOURCE'

Failing sql is:
 GRANT "RESOURCE" TO "PRUEBAS2"
ORA-39083: Object type ROLE_GRANT failed to create with error:
ORA-01924: role 'EXP_FULL_DATABASE' not granted or does not exist

Failing sql is:
 GRANT "EXP_FULL_DATABASE" TO "PRUEBAS2"
Processing object type SCHEMA_EXPORT/DEFAULT_ROLE
ORA-31685: Object type DEFAULT_ROLE:"PRUEBAS2" failed due to insufficient privileges. Failing sql is:
 ALTER USER "PRUEBAS2" DEFAULT ROLE ALL
Processing object type SCHEMA_EXPORT/TABLESPACE_QUOTA
ORA-39083: Object type TABLESPACE_QUOTA failed to create with error:
ORA-31625: Schema SYSTEM is needed to import this object, but is unaccessible
ORA-01031: insufficient privileges

Failing sql is:
DECLARE   TEMP_COUNT NUMBER;   SQLSTR VARCHAR2(200); BEGIN   SQLSTR := 'ALTER USER "PRUEBAS2" QUOTA UNLIMITED ON "USERS"';  EXECUTE IMMEDIATE SQLSTR;EXCEPTION   WHEN OTHERS THEN    IF SQLCODE = -30041 THEN       SQLSTR := 'SELECT COUNT(*) FROM USER_TABLESPACES               WHERE TABLESPACE_NAME = ''USERS'' AND CONTENTS = ''TEMPORARY''';      EXECUTE IMMEDIATE SQLSTR INTO TEMP_COUNT;      IF TEMP_COUNT = 1 THEN RETURN;       ELSE RAISE;       END IF;    ELSE      RAISE;    END IF;END;
Processing object type SCHEMA_EXPORT/PRE_SCHEMA/PROCACT_SCHEMA
Processing object type SCHEMA_EXPORT/TABLE/TABLE
Processing object type SCHEMA_EXPORT/TABLE/TABLE_DATA
. . imported "PRUEBAS2"."CARRERAS"                       6.109 KB       6 rows
. . imported "PRUEBAS2"."CIRCUITOS"                      5.593 KB       4 rows
. . imported "PRUEBAS2"."ESCUDERIAS"                     5.585 KB       3 rows
. . imported "PRUEBAS2"."PILOTOS"                        6.132 KB       8 rows
. . imported "PRUEBAS2"."PROTOTIPOS"                     6.101 KB       7 rows
. . imported "PRUEBAS2"."RESULTADOS"                     7.742 KB      30 rows
Processing object type SCHEMA_EXPORT/TABLE/CONSTRAINT/CONSTRAINT
Processing object type SCHEMA_EXPORT/TABLE/INDEX/STATISTICS/INDEX_STATISTICS
Processing object type SCHEMA_EXPORT/TABLE/CONSTRAINT/REF_CONSTRAINT
Processing object type SCHEMA_EXPORT/TABLE/STATISTICS/TABLE_STATISTICS
Processing object type SCHEMA_EXPORT/STATISTICS/MARKER
Job "PRUEBAS2"."SYS_IMPORT_SCHEMA_01" completed with 7 error(s) at Thu Dec 12 07:54:24 2019 elapsed 0 00:00:21
