;;; 
Export: Release 18.0.0.0.0 - Production on Thu Dec 5 07:10:38 2019
Version 18.3.0.0.0

Copyright (c) 1982, 2018, Oracle and/or its affiliates.  All rights reserved.
;;; 
Connected to: Oracle Database 18c Enterprise Edition Release 18.0.0.0.0 - Production
Starting "UTREROPRUEBAS"."SYS_EXPORT_SCHEMA_01":  utreropruebas/******** directory=backupssergiop schemas=utreropruebas dumpfile=utreropruebas.dmp logfile=utreropruebas.log 
Processing object type SCHEMA_EXPORT/TABLE/TABLE_DATA
Processing object type SCHEMA_EXPORT/TABLE/INDEX/STATISTICS/INDEX_STATISTICS
Processing object type SCHEMA_EXPORT/TABLE/STATISTICS/TABLE_STATISTICS
Processing object type SCHEMA_EXPORT/STATISTICS/MARKER
Processing object type SCHEMA_EXPORT/PRE_SCHEMA/PROCACT_SCHEMA
Processing object type SCHEMA_EXPORT/TABLE/TABLE
Processing object type SCHEMA_EXPORT/TABLE/COMMENT
Processing object type SCHEMA_EXPORT/TABLE/INDEX/INDEX
Processing object type SCHEMA_EXPORT/TABLE/CONSTRAINT/CONSTRAINT
Processing object type SCHEMA_EXPORT/TABLE/CONSTRAINT/REF_CONSTRAINT
. . exported "UTREROPRUEBAS"."CARRERAS"                  6.109 KB       6 rows
. . exported "UTREROPRUEBAS"."CIRCUITOS"                 5.593 KB       4 rows
. . exported "UTREROPRUEBAS"."ESCUDERIAS"                5.578 KB       3 rows
. . exported "UTREROPRUEBAS"."PILOTOS"                   6.132 KB       8 rows
. . exported "UTREROPRUEBAS"."PROTOTIPOS"                6.101 KB       7 rows
. . exported "UTREROPRUEBAS"."RESULTADOS"                7.734 KB      30 rows
Master table "UTREROPRUEBAS"."SYS_EXPORT_SCHEMA_01" successfully loaded/unloaded
******************************************************************************
Dump file set for UTREROPRUEBAS.SYS_EXPORT_SCHEMA_01 is:
  /home/alumno/expdpimpdppruebas/utreropruebas.dmp
Job "UTREROPRUEBAS"."SYS_EXPORT_SCHEMA_01" successfully completed at Thu Dec 5 07:11:57 2019 elapsed 0 00:01:13
